Starting pre-game odds scraper for overtime.ag (nfl)...
2025-11-06 09:26:57 [scrapy.utils.log] INFO: Scrapy 2.13.3 started (bot: overtime_live)
2025-11-06 09:26:57 [scrapy.utils.log] INFO: Versions:
{'lxml': '6.0.2',
 'libxml2': '2.14.6',
 'cssselect': '1.3.0',
 'parsel': '1.10.0',
 'w3lib': '2.3.1',
 'Twisted': '25.5.0',
 'Python': '3.11.14 (main, Oct 10 2025, 08:54:04) [GCC 13.3.0]',
 'pyOpenSSL': '25.3.0 (OpenSSL 3.5.4 30 Sep 2025)',
 'cryptography': '46.0.3',
 'Platform': 'Linux-4.4.0-x86_64-with-glibc2.39'}
2025-11-06 09:26:57 [pregame_odds] WARNING: ⚠ No proxy configured - using direct connection
2025-11-06 09:26:57 [scrapy.addons] INFO: Enabled addons:
[]
2025-11-06 09:26:57 [scrapy.extensions.telnet] INFO: Telnet Password: a9cf11bcf10da5ad
2025-11-06 09:26:57 [scrapy.middleware] INFO: Enabled extensions:
['scrapy.extensions.corestats.CoreStats',
 'scrapy.extensions.telnet.TelnetConsole',
 'scrapy.extensions.memusage.MemoryUsage',
 'scrapy.extensions.logstats.LogStats',
 'scrapy.extensions.throttle.AutoThrottle']
2025-11-06 09:26:57 [scrapy.crawler] INFO: Overridden settings:
{'AUTOTHROTTLE_ENABLED': True,
 'AUTOTHROTTLE_START_DELAY': 1.0,
 'BOT_NAME': 'overtime_pregame',
 'CONCURRENT_REQUESTS': 1,
 'DOWNLOAD_TIMEOUT': 60,
 'LOG_LEVEL': 'INFO',
 'NEWSPIDER_MODULE': 'scrapers.overtime_live.spiders',
 'RETRY_HTTP_CODES': [403, 407, 429, 500, 502, 503, 504],
 'RETRY_TIMES': 5,
 'SPIDER_MODULES': ['scrapers.overtime_live.spiders']}
2025-11-06 09:26:57 [scrapy.middleware] INFO: Enabled downloader middlewares:
['scrapy.downloadermiddlewares.offsite.OffsiteMiddleware',
 'scrapy.downloadermiddlewares.httpauth.HttpAuthMiddleware',
 'scrapy.downloadermiddlewares.downloadtimeout.DownloadTimeoutMiddleware',
 'scrapy.downloadermiddlewares.defaultheaders.DefaultHeadersMiddleware',
 'scrapy.downloadermiddlewares.useragent.UserAgentMiddleware',
 'scrapy.downloadermiddlewares.retry.RetryMiddleware',
 'scrapy.downloadermiddlewares.redirect.MetaRefreshMiddleware',
 'scrapy.downloadermiddlewares.httpcompression.HttpCompressionMiddleware',
 'scrapy.downloadermiddlewares.redirect.RedirectMiddleware',
 'scrapy.downloadermiddlewares.cookies.CookiesMiddleware',
 'scrapy.downloadermiddlewares.httpproxy.HttpProxyMiddleware',
 'scrapy.downloadermiddlewares.stats.DownloaderStats']
2025-11-06 09:26:57 [scrapy.middleware] INFO: Enabled spider middlewares:
['scrapy.spidermiddlewares.start.StartSpiderMiddleware',
 'scrapy.spidermiddlewares.httperror.HttpErrorMiddleware',
 'scrapy.spidermiddlewares.referer.RefererMiddleware',
 'scrapy.spidermiddlewares.urllength.UrlLengthMiddleware',
 'scrapy.spidermiddlewares.depth.DepthMiddleware']
2025-11-06 09:26:57 [scrapy.middleware] INFO: Enabled item pipelines:
['scrapers.overtime_live.pipelines.ParquetPipeline',
 'scrapers.overtime_live.pipelines.CSVPipeline']
2025-11-06 09:26:57 [scrapy.core.engine] INFO: Spider opened
2025-11-06 09:26:57 [scrapy.extensions.logstats] INFO: Crawled 0 pages (at 0 pages/min), scraped 0 items (at 0 items/min)
2025-11-06 09:26:57 [scrapy.extensions.telnet] INFO: Telnet console listening on 127.0.0.1:6023
2025-11-06 09:26:57 [scrapy-playwright] INFO: Starting download handler
2025-11-06 09:26:57 [scrapy-playwright] INFO: Starting download handler
2025-11-06 09:26:59 [scrapy-playwright] INFO: Launching browser chromium
2025-11-06 09:26:59 [scrapy-playwright] INFO: Browser chromium launched
2025-11-06 09:26:59 [pregame_odds] INFO: 🥷 Applying stealth mode before navigation...
2025-11-06 09:26:59 [pregame_odds] INFO: ✓ Stealth mode activated
2025-11-06 09:26:59 [pregame_odds] ERROR: Request failed: <twisted.python.failure.Failure playwright._impl._errors.Error: Page.goto: net::ERR_TUNNEL_CONNECTION_FAILED at https://overtime.ag/sports/
Call log:
  - navigating to "https://overtime.ag/sports/", waiting until "domcontentloaded"
>
2025-11-06 09:26:59 [scrapy.core.engine] INFO: Closing spider (finished)
2025-11-06 09:26:59 [scrapy.statscollectors] INFO: Dumping Scrapy stats:
{'downloader/exception_count': 1,
 'downloader/exception_type_count/playwright._impl._errors.Error': 1,
 'downloader/request_bytes': 1138,
 'downloader/request_count': 1,
 'downloader/request_method_count/GET': 1,
 'elapsed_time_seconds': 1.90663,
 'finish_reason': 'finished',
 'finish_time': datetime.datetime(2025, 11, 6, 9, 26, 59, 612300, tzinfo=datetime.timezone.utc),
 'items_per_minute': 0.0,
 'log_count/ERROR': 1,
 'log_count/INFO': 16,
 'memusage/max': 189796352,
 'memusage/startup': 189796352,
 'playwright/browser_count': 1,
 'playwright/context_count': 1,
 'playwright/context_count/max_concurrent': 1,
 'playwright/context_count/persistent/False': 1,
 'playwright/context_count/remote/False': 1,
 'playwright/page_count': 1,
 'playwright/page_count/max_concurrent': 1,
 'playwright/request_count': 1,
 'playwright/request_count/method/GET': 1,
 'playwright/request_count/navigation': 1,
 'playwright/request_count/resource_type/document': 1,
 'responses_per_minute': 0.0,
 'scheduler/dequeued': 1,
 'scheduler/dequeued/memory': 1,
 'scheduler/enqueued': 1,
 'scheduler/enqueued/memory': 1,
 'start_time': datetime.datetime(2025, 11, 6, 9, 26, 57, 705670, tzinfo=datetime.timezone.utc)}
2025-11-06 09:26:59 [scrapy.core.engine] INFO: Spider closed (finished)
2025-11-06 09:26:59 [scrapy-playwright] INFO: Closing download handler
2025-11-06 09:26:59 [scrapy-playwright] INFO: Closing download handler
2025-11-06 09:26:59 [scrapy-playwright] INFO: Closing browser

✓ Scraping completed. Check data/overtime_live/ for output files.
