2025-11-09 02:26:18,749 [INFO] Initialized SignalR 1.x client for https://ws.ticosports.com
2025-11-09 02:26:18,749 [INFO] Hub: gbsHub
2025-11-09 02:26:18,749 [INFO] Customer: DAL519
2025-11-09 02:26:18,749 [INFO] ============================================================
2025-11-09 02:26:18,749 [INFO] Overtime.ag Manual SignalR 1.x Client
2025-11-09 02:26:18,749 [INFO] ============================================================
2025-11-09 02:26:18,750 [INFO] Negotiating SignalR connection...
2025-11-09 02:26:19,148 [INFO] Negotiation successful!
2025-11-09 02:26:19,148 [INFO] Connection ID: d2510204-b520-4ba2-9782-b7592399be0b
2025-11-09 02:26:19,156 [INFO] Protocol Version: 1.5
2025-11-09 02:26:19,156 [INFO] TryWebSockets: True
2025-11-09 02:26:19,158 [INFO] Connecting to SignalR WebSocket...
2025-11-09 02:26:19,158 [INFO] WebSocket URL: wss://ws.ticosports.com/signalr/connect?...
2025-11-09 02:26:19,158 [INFO] Running for 60 seconds...
2025-11-09 02:26:19,158 [INFO] Press Ctrl+C to stop early
2025-11-09 02:26:19,472 [INFO] [CONNECTED] WebSocket connection established!
2025-11-09 02:26:19,474 [INFO] Subscribing as customer: DAL519
2025-11-09 02:26:19,474 [INFO] [INVOKE] SubscribeCustomer([{'customerId': 'DAL519', 'password': 'Foot'}])
2025-11-09 02:26:19,474 [INFO] Subscribing to sports...
2025-11-09 02:26:19,474 [INFO] [INVOKE] SubscribeSports([[{'sport': 'FOOTBALL', 'league': 'NFL'}, {'sport': 'FOOTBALL', 'league': 'NCAAF'}]])
2025-11-09 02:26:19,474 [INFO] [INVOKE] SubscribeSport([{'sport': 'FOOTBALL', 'league': 'NFL'}])
2025-11-09 02:26:19,474 [INFO] [INVOKE] SubscribeSport([{'sport': 'FOOTBALL', 'league': 'NCAAF'}])
2025-11-09 02:26:19,474 [INFO] [MESSAGE] {"C":"d-EE5E3313-B,0|B:c,0|B:d,1","S":1,"M":[]}
2025-11-09 02:26:19,476 [INFO] [INITIALIZED] SignalR connection initialized
2025-11-09 02:26:19,579 [INFO] [MESSAGE] {}
2025-11-09 02:26:19,619 [INFO] [MESSAGE] {"I":"1"}
2025-11-09 02:26:19,621 [INFO] [MESSAGE] {"I":"2"}
2025-11-09 02:26:19,621 [INFO] [MESSAGE] {"I":"4"}
2025-11-09 02:26:19,622 [INFO] [MESSAGE] {"I":"0","E":"There was an error invoking Hub method 'gbsHub.Start'."}
2025-11-09 02:26:19,623 [INFO] [MESSAGE] {"I":"3"}
2025-11-09 02:26:39,610 [INFO] [MESSAGE] {}
2025-11-09 02:26:49,167 [INFO] Status: 8 messages, 0 game updates
2025-11-09 02:26:59,640 [INFO] [MESSAGE] {}
2025-11-09 02:27:19,176 [INFO] Status: 9 messages, 0 game updates
2025-11-09 02:27:19,301 [WARNING] [CLOSED] Connection closed: None - None
2025-11-09 02:27:19,302 [INFO] ============================================================
2025-11-09 02:27:19,302 [INFO] Session Summary:
2025-11-09 02:27:19,302 [INFO] Messages received: 9
2025-11-09 02:27:19,302 [INFO] Game updates: 0
2025-11-09 02:27:19,302 [INFO] ============================================================
2025-11-09 02:50:48,882 [INFO] Unified Data Orchestrator initialized
2025-11-09 02:50:48,882 [INFO] ============================================================
2025-11-09 02:50:48,882 [INFO] Running Initial Setup
2025-11-09 02:50:48,882 [INFO] ============================================================
2025-11-09 02:50:48,882 [INFO] Collecting ESPN teams...
2025-11-09 02:51:10,739 [ERROR] Error collecting ESPN teams: ('Connection aborted.', ConnectionResetError(10054, 'An existing connection was forcibly closed by the remote host', None, 10054, None))
2025-11-09 02:51:10,739 [INFO] Collecting ESPN schedules...
2025-11-09 02:51:11,151 [INFO] ESPN schedules collected successfully
2025-11-09 02:51:11,152 [INFO] Initial setup complete
2025-11-09 02:51:11,152 [INFO] ============================================================
2025-11-09 02:51:11,153 [INFO] Data Collection Summary
2025-11-09 02:51:11,153 [INFO] ============================================================
2025-11-09 02:51:11,153 [INFO] NFL Schedule: 1864655 bytes (updated 2025-11-09 02:51:11)
2025-11-09 02:51:11,153 [INFO] NCAAF Schedule: 426346 bytes (updated 2025-11-09 02:51:11)
2025-11-09 02:51:11,153 [INFO] NFL Teams: NOT FOUND
2025-11-09 02:51:11,153 [INFO] NCAAF Teams: NOT FOUND
2025-11-09 02:51:11,153 [INFO] SignalR messages: 9 files
2025-11-09 02:51:11,153 [INFO] ============================================================
2025-11-09 02:58:21,176 [INFO] Unified Data Orchestrator initialized
2025-11-09 02:58:21,177 [INFO] ============================================================
2025-11-09 02:58:21,177 [INFO] Running Live Game Mode
2025-11-09 02:58:21,177 [INFO] ============================================================
2025-11-09 02:58:21,177 [INFO] Starting SignalR live odds collection...
2025-11-09 02:58:21,177 [INFO] Initialized SignalR 1.x client for https://ws.ticosports.com
2025-11-09 02:58:21,177 [INFO] Hub: gbsHub
2025-11-09 02:58:21,177 [INFO] Customer: DAL519
2025-11-09 02:58:21,177 [INFO] ============================================================
2025-11-09 02:58:21,178 [INFO] SignalR collection started (duration: 1800s)
2025-11-09 02:58:21,178 [INFO] Overtime.ag Manual SignalR 1.x Client
2025-11-09 02:58:21,178 [INFO] Live update iteration 1
2025-11-09 02:58:21,178 [INFO] ============================================================
2025-11-09 02:58:21,178 [INFO] Collecting ESPN live scores...
2025-11-09 02:58:21,178 [INFO] Negotiating SignalR connection...
2025-11-09 02:58:21,655 [INFO] ESPN live scores collected successfully
2025-11-09 02:58:21,742 [INFO] Negotiation successful!
2025-11-09 02:58:21,743 [INFO] Connection ID: 80525dbe-1e18-4d3f-8346-c5cef7703a21
2025-11-09 02:58:21,743 [INFO] Protocol Version: 1.5
2025-11-09 02:58:21,743 [INFO] TryWebSockets: True
2025-11-09 02:58:21,744 [INFO] Connecting to SignalR WebSocket...
2025-11-09 02:58:21,744 [INFO] WebSocket URL: wss://ws.ticosports.com/signalr/connect?...
2025-11-09 02:58:21,744 [INFO] Running for 1800 seconds...
2025-11-09 02:58:21,744 [INFO] Press Ctrl+C to stop early
2025-11-09 02:58:22,061 [INFO] [CONNECTED] WebSocket connection established!
2025-11-09 02:58:22,062 [INFO] Subscribing as customer: DAL519
2025-11-09 02:58:22,062 [INFO] [INVOKE] SubscribeCustomer([{'customerId': 'DAL519', 'password': 'Foot'}])
2025-11-09 02:58:22,062 [INFO] Subscribing to sports...
2025-11-09 02:58:22,062 [INFO] [INVOKE] SubscribeSports([[{'sport': 'FOOTBALL', 'league': 'NFL'}, {'sport': 'FOOTBALL', 'league': 'NCAAF'}]])
2025-11-09 02:58:22,062 [INFO] [INVOKE] SubscribeSport([{'sport': 'FOOTBALL', 'league': 'NFL'}])
2025-11-09 02:58:22,062 [INFO] [INVOKE] SubscribeSport([{'sport': 'FOOTBALL', 'league': 'NCAAF'}])
2025-11-09 02:58:22,063 [INFO] [MESSAGE] {"C":"d-EE5E3313-B,0|CIc,0|CId,1","S":1,"M":[]}
2025-11-09 02:58:22,063 [INFO] [INITIALIZED] SignalR connection initialized
2025-11-09 02:58:22,195 [INFO] [MESSAGE] {"I":"1"}
2025-11-09 02:58:22,196 [INFO] [MESSAGE] {"I":"4"}
2025-11-09 02:58:22,197 [INFO] [MESSAGE] {"I":"2"}
2025-11-09 02:58:22,197 [INFO] [MESSAGE] {"I":"3"}
2025-11-09 02:58:36,657 [INFO] Live update iteration 2
2025-11-09 02:58:36,657 [INFO] Collecting ESPN live scores...
2025-11-09 02:58:36,798 [INFO] ESPN live scores collected successfully
2025-11-09 02:58:41,570 [INFO] [MESSAGE] {}
2025-11-09 02:58:51,753 [INFO] Status: 6 messages, 0 game updates
2025-11-09 02:58:51,799 [INFO] Live update iteration 3
2025-11-09 02:58:51,799 [INFO] Collecting ESPN live scores...
2025-11-09 02:58:51,890 [INFO] ESPN live scores collected successfully
2025-11-09 02:59:01,599 [INFO] [MESSAGE] {}
2025-11-09 02:59:06,892 [INFO] Live update iteration 4
2025-11-09 02:59:06,892 [INFO] Collecting ESPN live scores...
2025-11-09 02:59:07,130 [INFO] ESPN live scores collected successfully
2025-11-09 02:59:21,620 [INFO] [MESSAGE] {}
2025-11-09 02:59:21,761 [INFO] Status: 8 messages, 0 game updates
2025-11-09 02:59:22,131 [INFO] Live update iteration 5
2025-11-09 02:59:22,131 [INFO] Collecting ESPN live scores...
2025-11-09 02:59:22,221 [INFO] ESPN live scores collected successfully
2025-11-09 02:59:37,222 [INFO] Live update iteration 6
2025-11-09 02:59:37,223 [INFO] Collecting ESPN live scores...
2025-11-09 02:59:37,350 [INFO] ESPN live scores collected successfully
2025-11-09 02:59:41,641 [INFO] [MESSAGE] {}
2025-11-09 02:59:51,771 [INFO] Status: 9 messages, 0 game updates
2025-11-09 02:59:52,352 [INFO] Live update iteration 7
2025-11-09 02:59:52,352 [INFO] Collecting ESPN live scores...
2025-11-09 02:59:52,440 [INFO] ESPN live scores collected successfully
2025-11-09 03:00:01,659 [INFO] [MESSAGE] {}
2025-11-09 03:00:07,443 [INFO] Live update iteration 8
2025-11-09 03:00:07,443 [INFO] Collecting ESPN live scores...
2025-11-09 03:00:07,591 [INFO] ESPN live scores collected successfully
2025-11-09 03:00:21,694 [INFO] [MESSAGE] {}
2025-11-09 03:00:21,779 [INFO] Status: 11 messages, 0 game updates
2025-11-09 03:00:22,593 [INFO] Live update iteration 9
2025-11-09 03:00:22,593 [INFO] Collecting ESPN live scores...
2025-11-09 03:00:22,679 [INFO] ESPN live scores collected successfully
2025-11-09 03:00:37,681 [INFO] Live update iteration 10
2025-11-09 03:00:37,681 [INFO] Collecting ESPN live scores...
2025-11-09 03:00:37,864 [INFO] ESPN live scores collected successfully
2025-11-09 03:00:41,719 [INFO] [MESSAGE] {}
2025-11-09 03:00:51,787 [INFO] Status: 12 messages, 0 game updates
2025-11-09 03:00:52,866 [INFO] Live update iteration 11
2025-11-09 03:00:52,866 [INFO] Collecting ESPN live scores...
2025-11-09 03:00:52,962 [INFO] ESPN live scores collected successfully
2025-11-09 03:01:01,737 [INFO] [MESSAGE] {}
2025-11-09 03:01:07,965 [INFO] Live update iteration 12
2025-11-09 03:01:07,965 [INFO] Collecting ESPN live scores...
2025-11-09 03:01:08,146 [INFO] ESPN live scores collected successfully
2025-11-09 03:01:21,757 [INFO] [MESSAGE] {}
2025-11-09 03:01:21,795 [INFO] Status: 14 messages, 0 game updates
2025-11-09 03:01:23,148 [INFO] Live update iteration 13
2025-11-09 03:01:23,148 [INFO] Collecting ESPN live scores...
2025-11-09 03:01:23,291 [INFO] ESPN live scores collected successfully
2025-11-09 03:01:38,294 [INFO] Live update iteration 14
2025-11-09 03:01:38,294 [INFO] Collecting ESPN live scores...
2025-11-09 03:01:38,435 [INFO] ESPN live scores collected successfully
2025-11-09 03:01:41,784 [INFO] [MESSAGE] {}
2025-11-09 03:01:51,806 [INFO] Status: 15 messages, 0 game updates
2025-11-09 03:01:53,437 [INFO] Live update iteration 15
2025-11-09 03:01:53,437 [INFO] Collecting ESPN live scores...
2025-11-09 03:01:53,581 [INFO] ESPN live scores collected successfully
2025-11-09 03:02:01,810 [INFO] [MESSAGE] {}
2025-11-09 03:02:08,583 [INFO] Live update iteration 16
2025-11-09 03:02:08,583 [INFO] Collecting ESPN live scores...
2025-11-09 03:02:08,669 [INFO] ESPN live scores collected successfully
2025-11-09 03:02:21,815 [INFO] Status: 16 messages, 0 game updates
2025-11-09 03:02:21,838 [INFO] [MESSAGE] {}
2025-11-09 03:02:23,670 [INFO] Live update iteration 17
2025-11-09 03:02:23,670 [INFO] Collecting ESPN live scores...
2025-11-09 03:02:23,803 [INFO] ESPN live scores collected successfully
2025-11-09 03:02:38,804 [INFO] Live update iteration 18
2025-11-09 03:02:38,804 [INFO] Collecting ESPN live scores...
2025-11-09 03:02:39,120 [INFO] ESPN live scores collected successfully
2025-11-09 03:02:41,859 [INFO] [MESSAGE] {}
2025-11-09 03:02:51,824 [INFO] Status: 18 messages, 0 game updates
2025-11-09 03:02:54,122 [INFO] Live update iteration 19
2025-11-09 03:02:54,122 [INFO] Collecting ESPN live scores...
2025-11-09 03:02:54,256 [INFO] ESPN live scores collected successfully
2025-11-09 03:03:01,893 [INFO] [MESSAGE] {}
2025-11-09 03:03:09,258 [INFO] Live update iteration 20
2025-11-09 03:03:09,258 [INFO] Collecting ESPN live scores...
2025-11-09 03:03:09,387 [INFO] ESPN live scores collected successfully
2025-11-09 03:03:21,834 [INFO] Status: 19 messages, 0 game updates
2025-11-09 03:03:21,926 [INFO] [MESSAGE] {}
2025-11-09 03:03:24,389 [INFO] Live update iteration 21
2025-11-09 03:03:24,389 [INFO] Collecting ESPN live scores...
2025-11-09 03:03:24,518 [INFO] ESPN live scores collected successfully
2025-11-09 03:03:39,520 [INFO] Live update iteration 22
2025-11-09 03:03:39,520 [INFO] Collecting ESPN live scores...
2025-11-09 03:03:39,736 [INFO] ESPN live scores collected successfully
2025-11-09 03:03:41,964 [INFO] [MESSAGE] {}
2025-11-09 03:03:51,843 [INFO] Status: 21 messages, 0 game updates
2025-11-09 03:03:54,737 [INFO] Live update iteration 23
2025-11-09 03:03:54,738 [INFO] Collecting ESPN live scores...
2025-11-09 03:03:54,868 [INFO] ESPN live scores collected successfully
2025-11-09 03:04:01,981 [INFO] [MESSAGE] {}
2025-11-09 03:04:09,870 [INFO] Live update iteration 24
2025-11-09 03:04:09,870 [INFO] Collecting ESPN live scores...
2025-11-09 03:04:10,045 [INFO] ESPN live scores collected successfully
2025-11-09 03:04:21,851 [INFO] Status: 22 messages, 0 game updates
2025-11-09 03:04:22,002 [INFO] [MESSAGE] {}
2025-11-09 03:04:25,046 [INFO] Live update iteration 25
2025-11-09 03:04:25,047 [INFO] Collecting ESPN live scores...
2025-11-09 03:04:25,171 [INFO] ESPN live scores collected successfully
2025-11-09 03:04:40,173 [INFO] Live update iteration 26
2025-11-09 03:04:40,173 [INFO] Collecting ESPN live scores...
2025-11-09 03:04:40,352 [INFO] ESPN live scores collected successfully
2025-11-09 03:04:42,027 [INFO] [MESSAGE] {}
2025-11-09 03:04:51,859 [INFO] Status: 24 messages, 0 game updates
2025-11-09 03:04:55,354 [INFO] Live update iteration 27
2025-11-09 03:04:55,354 [INFO] Collecting ESPN live scores...
2025-11-09 03:04:55,481 [INFO] ESPN live scores collected successfully
2025-11-09 03:05:02,043 [INFO] [MESSAGE] {}
2025-11-09 07:10:13,962 [INFO] Unified Data Orchestrator initialized
2025-11-09 07:10:13,963 [INFO] ============================================================
2025-11-09 07:10:13,963 [INFO] Running Live Game Mode
2025-11-09 07:10:13,963 [INFO] ============================================================
2025-11-09 07:10:13,963 [INFO] Starting SignalR live odds collection...
2025-11-09 07:10:13,963 [INFO] Initialized SignalR 1.x client for https://ws.ticosports.com
2025-11-09 07:10:13,963 [INFO] Hub: gbsHub
2025-11-09 07:10:13,963 [INFO] Customer: DAL519
2025-11-09 07:10:13,964 [INFO] ============================================================
2025-11-09 07:10:13,964 [INFO] SignalR collection started (duration: 3600s)
2025-11-09 07:10:13,964 [INFO] Overtime.ag Manual SignalR 1.x Client
2025-11-09 07:10:13,965 [INFO] Live update iteration 1
2025-11-09 07:10:13,965 [INFO] ============================================================
2025-11-09 07:10:13,965 [INFO] Collecting ESPN live scores...
2025-11-09 07:10:13,965 [INFO] Negotiating SignalR connection...
2025-11-09 07:10:14,408 [INFO] Negotiation successful!
2025-11-09 07:10:14,408 [INFO] Connection ID: d363aa38-a46f-4565-954d-ed4c612961c8
2025-11-09 07:10:14,408 [INFO] Protocol Version: 1.5
2025-11-09 07:10:14,409 [INFO] TryWebSockets: True
2025-11-09 07:10:14,410 [INFO] Connecting to SignalR WebSocket...
2025-11-09 07:10:14,410 [INFO] WebSocket URL: wss://ws.ticosports.com/signalr/connect?...
2025-11-09 07:10:14,410 [INFO] Running for 3600 seconds...
2025-11-09 07:10:14,411 [INFO] Press Ctrl+C to stop early
2025-11-09 07:10:14,456 [INFO] ESPN live scores collected successfully
2025-11-09 07:10:14,715 [INFO] [CONNECTED] WebSocket connection established!
2025-11-09 07:10:14,715 [INFO] Subscribing as customer: DAL519
2025-11-09 07:10:14,715 [INFO] [INVOKE] SubscribeCustomer([{'customerId': 'DAL519', 'password': 'Foot'}])
2025-11-09 07:10:14,715 [INFO] Subscribing to sports...
2025-11-09 07:10:14,715 [INFO] [INVOKE] SubscribeSports([[{'sport': 'FOOTBALL', 'league': 'NFL'}, {'sport': 'FOOTBALL', 'league': 'NCAAF'}]])
2025-11-09 07:10:14,715 [INFO] [INVOKE] SubscribeSport([{'sport': 'FOOTBALL', 'league': 'NFL'}])
2025-11-09 07:10:14,716 [INFO] [INVOKE] SubscribeSport([{'sport': 'FOOTBALL', 'league': 'NCAAF'}])
2025-11-09 07:10:14,716 [INFO] [MESSAGE] {"C":"d-AFED654D-B,0|B8K,0|B8L,1","S":1,"M":[]}
2025-11-09 07:10:14,717 [INFO] [INITIALIZED] SignalR connection initialized
2025-11-09 07:10:14,852 [INFO] [MESSAGE] {"I":"1"}
2025-11-09 07:10:14,857 [INFO] [MESSAGE] {"I":"2"}
2025-11-09 07:10:14,858 [INFO] [MESSAGE] {"I":"3"}
2025-11-09 07:10:14,859 [INFO] [MESSAGE] {"I":"4"}
2025-11-09 07:10:17,168 [INFO] [MESSAGE] {}
2025-11-09 07:10:29,457 [INFO] Live update iteration 2
2025-11-09 07:10:29,458 [INFO] Collecting ESPN live scores...
2025-11-09 07:10:29,584 [INFO] ESPN live scores collected successfully
2025-11-09 07:10:37,173 [INFO] [MESSAGE] {}
2025-11-09 07:10:44,418 [INFO] Status: 7 messages, 0 game updates
2025-11-09 07:10:44,586 [INFO] Live update iteration 3
2025-11-09 07:10:44,586 [INFO] Collecting ESPN live scores...
2025-11-09 07:10:44,675 [INFO] ESPN live scores collected successfully
2025-11-09 07:10:57,177 [INFO] [MESSAGE] {}
2025-11-09 07:10:59,677 [INFO] Live update iteration 4
2025-11-09 07:10:59,677 [INFO] Collecting ESPN live scores...
2025-11-09 07:10:59,810 [INFO] ESPN live scores collected successfully
2025-11-09 07:11:14,422 [INFO] Status: 8 messages, 0 game updates
2025-11-09 07:11:14,811 [INFO] Live update iteration 5
2025-11-09 07:11:14,811 [INFO] Collecting ESPN live scores...
2025-11-09 07:11:14,893 [INFO] ESPN live scores collected successfully
2025-11-09 07:11:17,206 [INFO] [MESSAGE] {}
2025-11-09 07:11:29,894 [INFO] Live update iteration 6
2025-11-09 07:11:29,895 [INFO] Collecting ESPN live scores...
2025-11-09 07:11:30,042 [INFO] ESPN live scores collected successfully
2025-11-09 07:11:37,233 [INFO] [MESSAGE] {}
2025-11-09 07:11:44,430 [INFO] Status: 10 messages, 0 game updates
2025-11-09 07:11:45,044 [INFO] Live update iteration 7
2025-11-09 07:11:45,044 [INFO] Collecting ESPN live scores...
2025-11-09 07:11:45,658 [INFO] ESPN live scores collected successfully
2025-11-09 07:11:57,251 [INFO] [MESSAGE] {}
2025-11-09 07:12:00,659 [INFO] Live update iteration 8
2025-11-09 07:12:00,660 [INFO] Collecting ESPN live scores...
2025-11-09 07:12:00,801 [INFO] ESPN live scores collected successfully
2025-11-09 07:12:14,437 [INFO] Status: 11 messages, 0 game updates
2025-11-09 07:12:15,803 [INFO] Live update iteration 9
2025-11-09 07:12:15,803 [INFO] Collecting ESPN live scores...
2025-11-09 07:12:15,890 [INFO] ESPN live scores collected successfully
2025-11-09 07:12:17,277 [INFO] [MESSAGE] {}
2025-11-09 07:12:30,891 [INFO] Live update iteration 10
2025-11-09 07:12:30,891 [INFO] Collecting ESPN live scores...
2025-11-09 07:12:30,985 [INFO] ESPN live scores collected successfully
2025-11-09 07:12:37,283 [INFO] [MESSAGE] {}
2025-11-09 07:12:44,445 [INFO] Status: 13 messages, 0 game updates
2025-11-09 07:12:45,986 [INFO] Live update iteration 11
2025-11-09 07:12:45,986 [INFO] Collecting ESPN live scores...
2025-11-09 07:12:46,074 [INFO] ESPN live scores collected successfully
2025-11-09 07:12:57,305 [INFO] [MESSAGE] {}
2025-11-09 07:12:59,911 [INFO] Live mode interrupted by user
2025-11-09 07:12:59,912 [INFO] Stopping SignalR collection...
2025-11-09 07:13:00,032 [WARNING] [CLOSED] Connection closed: None - None
2025-11-09 07:13:05,033 [INFO] 
Stopped by user
2025-11-09 07:54:54,741 [INFO] Initialized SignalR 1.x client for https://ws.ticosports.com
2025-11-09 07:54:54,741 [INFO] Hub: gbsHub
2025-11-09 07:54:54,741 [INFO] Customer: DAL519
2025-11-09 07:54:54,741 [INFO] ============================================================
2025-11-09 07:54:54,741 [INFO] Overtime.ag Manual SignalR 1.x Client
2025-11-09 07:54:54,741 [INFO] ============================================================
2025-11-09 07:54:54,741 [INFO] Negotiating SignalR connection...
2025-11-09 07:54:55,261 [INFO] Negotiation successful!
2025-11-09 07:54:55,261 [INFO] Connection ID: 3fb6b059-0b4e-456a-8907-3ac7f38ea2b4
2025-11-09 07:54:55,261 [INFO] Protocol Version: 1.5
2025-11-09 07:54:55,261 [INFO] TryWebSockets: True
2025-11-09 07:54:55,263 [INFO] Connecting to SignalR WebSocket...
2025-11-09 07:54:55,263 [INFO] WebSocket URL: wss://ws.ticosports.com/signalr/connect?...
2025-11-09 07:54:55,263 [INFO] Running for 300 seconds...
2025-11-09 07:54:55,263 [INFO] Press Ctrl+C to stop early
2025-11-09 07:54:55,566 [INFO] [CONNECTED] WebSocket connection established!
2025-11-09 07:54:55,566 [INFO] Subscribing as customer: DAL519
2025-11-09 07:54:55,567 [INFO] [INVOKE] SubscribeCustomer([{'customerId': 'DAL519', 'password': 'Foot'}])
2025-11-09 07:54:55,567 [INFO] Subscribing to sports...
2025-11-09 07:54:55,567 [INFO] [INVOKE] SubscribeSports([[{'sport': 'FOOTBALL', 'league': 'NFL'}, {'sport': 'FOOTBALL', 'league': 'NCAAF'}]])
2025-11-09 07:54:55,567 [INFO] [INVOKE] SubscribeSport([{'sport': 'FOOTBALL', 'league': 'NFL'}])
2025-11-09 07:54:55,567 [INFO] [INVOKE] SubscribeSport([{'sport': 'FOOTBALL', 'league': 'NCAAF'}])
2025-11-09 07:54:55,567 [INFO] [MESSAGE] {"C":"d-AFED654D-B,0|DKq,0|DKr,1","S":1,"M":[]}
2025-11-09 07:54:55,569 [INFO] [INITIALIZED] SignalR connection initialized
2025-11-09 07:54:55,688 [INFO] [MESSAGE] {"I":"1"}
2025-11-09 07:54:55,689 [INFO] [MESSAGE] {"I":"2"}
2025-11-09 07:54:55,689 [INFO] [MESSAGE] {"I":"3"}
2025-11-09 07:54:55,690 [INFO] [MESSAGE] {"I":"4"}
2025-11-09 07:54:59,710 [INFO] [MESSAGE] {}
2025-11-09 07:55:19,738 [INFO] [MESSAGE] {}
2025-11-09 07:55:25,274 [INFO] Status: 7 messages, 0 game updates
2025-11-09 07:55:39,734 [INFO] [MESSAGE] {}
