[2025-11-24 02:35:53,523] INFO: [OK] Connected to PostgreSQL
[2025-11-24 02:35:53,523] INFO: Loading from: data\historical\ncaaf_2025
[2025-11-24 02:35:53,523] INFO: Loading 2025 NCAAF historical season (weeks 1-16, all 136 FBS teams)...
[2025-11-24 02:35:53,523] INFO: ================================================================================
[2025-11-24 02:35:53,523] INFO: WEEK 1 OF 16
[2025-11-24 02:35:53,523] INFO: ================================================================================
[2025-11-24 02:35:53,523] INFO: Loading Week 1 data...
[2025-11-24 02:35:53,524] INFO: Loading from: data\historical\ncaaf_2025\ncaaf_team_stats_week_1_2025_20251124_013045.json
[2025-11-24 02:35:53,540] INFO: [ 10/50] Cal Poly Mustangs
[2025-11-24 02:35:53,545] INFO: [ 20/50] Dubuque Spartans
[2025-11-24 02:35:53,550] INFO: [ 30/50] Howard Bison
[2025-11-24 02:35:53,555] INFO: [ 40/50] San Diego State Aztecs
[2025-11-24 02:35:53,560] INFO: [ 50/50] Yale Bulldogs
[2025-11-24 02:35:53,560] INFO: Week 1 Complete: 50/50 teams loaded
[2025-11-24 02:35:53,560] INFO: ================================================================================
[2025-11-24 02:35:53,560] INFO: WEEK 2 OF 16
[2025-11-24 02:35:53,560] INFO: ================================================================================
[2025-11-24 02:35:53,560] INFO: Loading Week 2 data...
[2025-11-24 02:35:53,561] INFO: Loading from: data\historical\ncaaf_2025\ncaaf_team_stats_week_2_2025_20251124_013104.json
[2025-11-24 02:35:53,566] INFO: [ 10/50] Cal Poly Mustangs
[2025-11-24 02:35:53,571] INFO: [ 20/50] Dubuque Spartans
[2025-11-24 02:35:53,575] INFO: [ 30/50] Howard Bison
[2025-11-24 02:35:53,579] INFO: [ 40/50] San Diego State Aztecs
[2025-11-24 02:35:53,583] INFO: [ 50/50] Yale Bulldogs
[2025-11-24 02:35:53,584] INFO: Week 2 Complete: 50/50 teams loaded
[2025-11-24 02:35:53,584] INFO: ================================================================================
[2025-11-24 02:35:53,584] INFO: WEEK 3 OF 16
[2025-11-24 02:35:53,584] INFO: ================================================================================
[2025-11-24 02:35:53,584] INFO: Loading Week 3 data...
[2025-11-24 02:35:53,584] INFO: Loading from: data\historical\ncaaf_2025\ncaaf_team_stats_week_3_2025_20251124_013122.json
[2025-11-24 02:35:53,588] INFO: [ 10/50] Cal Poly Mustangs
[2025-11-24 02:35:53,593] INFO: [ 20/50] Dubuque Spartans
[2025-11-24 02:35:53,598] INFO: [ 30/50] Howard Bison
[2025-11-24 02:35:53,602] INFO: [ 40/50] San Diego State Aztecs
[2025-11-24 02:35:53,606] INFO: [ 50/50] Yale Bulldogs
[2025-11-24 02:35:53,607] INFO: Week 3 Complete: 50/50 teams loaded
[2025-11-24 02:35:53,607] INFO: ================================================================================
[2025-11-24 02:35:53,607] INFO: WEEK 4 OF 16
[2025-11-24 02:35:53,607] INFO: ================================================================================
[2025-11-24 02:35:53,607] INFO: Loading Week 4 data...
[2025-11-24 02:35:53,607] INFO: Loading from: data\historical\ncaaf_2025\ncaaf_team_stats_week_4_2025_20251124_013141.json
[2025-11-24 02:35:53,612] INFO: [ 10/50] Cal Poly Mustangs
[2025-11-24 02:35:53,617] INFO: [ 20/50] Dubuque Spartans
[2025-11-24 02:35:53,620] INFO: [ 30/50] Howard Bison
[2025-11-24 02:35:53,625] INFO: [ 40/50] San Diego State Aztecs
[2025-11-24 02:35:53,630] INFO: [ 50/50] Yale Bulldogs
[2025-11-24 02:35:53,630] INFO: Week 4 Complete: 50/50 teams loaded
[2025-11-24 02:35:53,630] INFO: ================================================================================
[2025-11-24 02:35:53,630] INFO: WEEK 5 OF 16
[2025-11-24 02:35:53,630] INFO: ================================================================================
[2025-11-24 02:35:53,630] INFO: Loading Week 5 data...
[2025-11-24 02:35:53,630] INFO: Loading from: data\historical\ncaaf_2025\ncaaf_team_stats_week_5_2025_20251124_013200.json
[2025-11-24 02:35:53,635] INFO: [ 10/50] Cal Poly Mustangs
[2025-11-24 02:35:53,640] INFO: [ 20/50] Dubuque Spartans
[2025-11-24 02:35:53,645] INFO: [ 30/50] Howard Bison
[2025-11-24 02:35:53,649] INFO: [ 40/50] San Diego State Aztecs
[2025-11-24 02:35:53,654] INFO: [ 50/50] Yale Bulldogs
[2025-11-24 02:35:53,654] INFO: Week 5 Complete: 50/50 teams loaded
[2025-11-24 02:35:53,654] INFO: ================================================================================
[2025-11-24 02:35:53,654] INFO: WEEK 6 OF 16
[2025-11-24 02:35:53,654] INFO: ================================================================================
[2025-11-24 02:35:53,654] INFO: Loading Week 6 data...
[2025-11-24 02:35:53,654] INFO: Loading from: data\historical\ncaaf_2025\ncaaf_team_stats_week_6_2025_20251124_013220.json
[2025-11-24 02:35:53,660] INFO: [ 10/50] Cal Poly Mustangs
[2025-11-24 02:35:53,664] INFO: [ 20/50] Dubuque Spartans
[2025-11-24 02:35:53,668] INFO: [ 30/50] Howard Bison
[2025-11-24 02:35:53,672] INFO: [ 40/50] San Diego State Aztecs
[2025-11-24 02:35:53,677] INFO: [ 50/50] Yale Bulldogs
[2025-11-24 02:35:53,677] INFO: Week 6 Complete: 50/50 teams loaded
[2025-11-24 02:35:53,677] INFO: ================================================================================
[2025-11-24 02:35:53,677] INFO: WEEK 7 OF 16
[2025-11-24 02:35:53,677] INFO: ================================================================================
[2025-11-24 02:35:53,677] INFO: Loading Week 7 data...
[2025-11-24 02:35:53,677] INFO: Loading from: data\historical\ncaaf_2025\ncaaf_team_stats_week_7_2025_20251124_013238.json
[2025-11-24 02:35:53,682] INFO: [ 10/50] Cal Poly Mustangs
[2025-11-24 02:35:53,686] INFO: [ 20/50] Dubuque Spartans
[2025-11-24 02:35:53,691] INFO: [ 30/50] Howard Bison
[2025-11-24 02:35:53,695] INFO: [ 40/50] San Diego State Aztecs
[2025-11-24 02:35:53,699] INFO: [ 50/50] Yale Bulldogs
[2025-11-24 02:35:53,699] INFO: Week 7 Complete: 50/50 teams loaded
[2025-11-24 02:35:53,699] INFO: ================================================================================
[2025-11-24 02:35:53,699] INFO: WEEK 8 OF 16
[2025-11-24 02:35:53,699] INFO: ================================================================================
[2025-11-24 02:35:53,699] INFO: Loading Week 8 data...
[2025-11-24 02:35:53,699] INFO: Loading from: data\historical\ncaaf_2025\ncaaf_team_stats_week_8_2025_20251124_013257.json
[2025-11-24 02:35:53,704] INFO: [ 10/50] Cal Poly Mustangs
[2025-11-24 02:35:53,708] INFO: [ 20/50] Dubuque Spartans
[2025-11-24 02:35:53,712] INFO: [ 30/50] Howard Bison
[2025-11-24 02:35:53,716] INFO: [ 40/50] San Diego State Aztecs
[2025-11-24 02:35:53,721] INFO: [ 50/50] Yale Bulldogs
[2025-11-24 02:35:53,721] INFO: Week 8 Complete: 50/50 teams loaded
[2025-11-24 02:35:53,721] INFO: ================================================================================
[2025-11-24 02:35:53,721] INFO: WEEK 9 OF 16
[2025-11-24 02:35:53,721] INFO: ================================================================================
[2025-11-24 02:35:53,721] INFO: Loading Week 9 data...
[2025-11-24 02:35:53,721] INFO: Loading from: data\historical\ncaaf_2025\ncaaf_team_stats_week_9_2025_20251124_013316.json
[2025-11-24 02:35:53,726] INFO: [ 10/50] Cal Poly Mustangs
[2025-11-24 02:35:53,731] INFO: [ 20/50] Dubuque Spartans
[2025-11-24 02:35:53,735] INFO: [ 30/50] Howard Bison
[2025-11-24 02:35:53,739] INFO: [ 40/50] San Diego State Aztecs
[2025-11-24 02:35:53,744] INFO: [ 50/50] Yale Bulldogs
[2025-11-24 02:35:53,744] INFO: Week 9 Complete: 50/50 teams loaded
[2025-11-24 02:35:53,744] INFO: ================================================================================
[2025-11-24 02:35:53,744] INFO: WEEK 10 OF 16
[2025-11-24 02:35:53,744] INFO: ================================================================================
[2025-11-24 02:35:53,744] INFO: Loading Week 10 data...
[2025-11-24 02:35:53,745] INFO: Loading from: data\historical\ncaaf_2025\ncaaf_team_stats_week_10_2025_20251124_013334.json
[2025-11-24 02:35:53,749] INFO: [ 10/50] Cal Poly Mustangs
[2025-11-24 02:35:53,753] INFO: [ 20/50] Dubuque Spartans
[2025-11-24 02:35:53,758] INFO: [ 30/50] Howard Bison
[2025-11-24 02:35:53,762] INFO: [ 40/50] San Diego State Aztecs
[2025-11-24 02:35:53,766] INFO: [ 50/50] Yale Bulldogs
[2025-11-24 02:35:53,766] INFO: Week 10 Complete: 50/50 teams loaded
[2025-11-24 02:35:53,766] INFO: ================================================================================
[2025-11-24 02:35:53,766] INFO: WEEK 11 OF 16
[2025-11-24 02:35:53,766] INFO: ================================================================================
[2025-11-24 02:35:53,766] INFO: Loading Week 11 data...
[2025-11-24 02:35:53,767] INFO: Loading from: data\historical\ncaaf_2025\ncaaf_team_stats_week_11_2025_20251124_013352.json
[2025-11-24 02:35:53,772] INFO: [ 10/50] Cal Poly Mustangs
[2025-11-24 02:35:53,776] INFO: [ 20/50] Dubuque Spartans
[2025-11-24 02:35:53,780] INFO: [ 30/50] Howard Bison
[2025-11-24 02:35:53,784] INFO: [ 40/50] San Diego State Aztecs
[2025-11-24 02:35:53,787] INFO: [ 50/50] Yale Bulldogs
[2025-11-24 02:35:53,788] INFO: Week 11 Complete: 50/50 teams loaded
[2025-11-24 02:35:53,788] INFO: ================================================================================
[2025-11-24 02:35:53,788] INFO: WEEK 12 OF 16
[2025-11-24 02:35:53,788] INFO: ================================================================================
[2025-11-24 02:35:53,788] INFO: Loading Week 12 data...
[2025-11-24 02:35:53,788] INFO: Loading from: data\historical\ncaaf_2025\ncaaf_team_stats_week_12_2025_20251124_013411.json
[2025-11-24 02:35:53,793] INFO: [ 10/50] Cal Poly Mustangs
[2025-11-24 02:35:53,796] INFO: [ 20/50] Dubuque Spartans
[2025-11-24 02:35:53,800] INFO: [ 30/50] Howard Bison
[2025-11-24 02:35:53,804] INFO: [ 40/50] San Diego State Aztecs
[2025-11-24 02:35:53,808] INFO: [ 50/50] Yale Bulldogs
[2025-11-24 02:35:53,808] INFO: Week 12 Complete: 50/50 teams loaded
[2025-11-24 02:35:53,809] INFO: ================================================================================
[2025-11-24 02:35:53,809] INFO: WEEK 13 OF 16
[2025-11-24 02:35:53,809] INFO: ================================================================================
[2025-11-24 02:35:53,809] INFO: Loading Week 13 data...
[2025-11-24 02:35:53,809] INFO: Loading from: data\historical\ncaaf_2025\ncaaf_team_stats_week_13_2025_20251124_013429.json
[2025-11-24 02:35:53,814] INFO: [ 10/50] Cal Poly Mustangs
[2025-11-24 02:35:53,818] INFO: [ 20/50] Dubuque Spartans
[2025-11-24 02:35:53,822] INFO: [ 30/50] Howard Bison
[2025-11-24 02:35:53,827] INFO: [ 40/50] San Diego State Aztecs
[2025-11-24 02:35:53,832] INFO: [ 50/50] Yale Bulldogs
[2025-11-24 02:35:53,832] INFO: Week 13 Complete: 50/50 teams loaded
[2025-11-24 02:35:53,832] INFO: ================================================================================
[2025-11-24 02:35:53,833] INFO: WEEK 14 OF 16
[2025-11-24 02:35:53,833] INFO: ================================================================================
[2025-11-24 02:35:53,833] INFO: Loading Week 14 data...
[2025-11-24 02:35:53,833] INFO: Loading from: data\historical\ncaaf_2025\ncaaf_team_stats_week_14_2025_20251124_013448.json
[2025-11-24 02:35:53,838] INFO: [ 10/50] Cal Poly Mustangs
[2025-11-24 02:35:53,842] INFO: [ 20/50] Dubuque Spartans
[2025-11-24 02:35:53,847] INFO: [ 30/50] Howard Bison
[2025-11-24 02:35:53,851] INFO: [ 40/50] San Diego State Aztecs
[2025-11-24 02:35:53,855] INFO: [ 50/50] Yale Bulldogs
[2025-11-24 02:35:53,855] INFO: Week 14 Complete: 50/50 teams loaded
[2025-11-24 02:35:53,855] INFO: ================================================================================
[2025-11-24 02:35:53,855] INFO: WEEK 15 OF 16
[2025-11-24 02:35:53,855] INFO: ================================================================================
[2025-11-24 02:35:53,855] INFO: Loading Week 15 data...
[2025-11-24 02:35:53,855] INFO: Loading from: data\historical\ncaaf_2025\ncaaf_team_stats_week_15_2025_20251124_013506.json
[2025-11-24 02:35:53,860] INFO: [ 10/50] Cal Poly Mustangs
[2025-11-24 02:35:53,864] INFO: [ 20/50] Dubuque Spartans
[2025-11-24 02:35:53,868] INFO: [ 30/50] Howard Bison
[2025-11-24 02:35:53,872] INFO: [ 40/50] San Diego State Aztecs
[2025-11-24 02:35:53,876] INFO: [ 50/50] Yale Bulldogs
[2025-11-24 02:35:53,877] INFO: Week 15 Complete: 50/50 teams loaded
[2025-11-24 02:35:53,877] INFO: ================================================================================
[2025-11-24 02:35:53,877] INFO: WEEK 16 OF 16
[2025-11-24 02:35:53,877] INFO: ================================================================================
[2025-11-24 02:35:53,877] INFO: Loading Week 16 data...
[2025-11-24 02:35:53,877] INFO: Loading from: data\historical\ncaaf_2025\ncaaf_team_stats_week_16_2025_20251124_013524.json
[2025-11-24 02:35:53,882] INFO: [ 10/50] Cal Poly Mustangs
[2025-11-24 02:35:53,886] INFO: [ 20/50] Dubuque Spartans
[2025-11-24 02:35:53,889] INFO: [ 30/50] Howard Bison
[2025-11-24 02:35:53,894] INFO: [ 40/50] San Diego State Aztecs
[2025-11-24 02:35:53,898] INFO: [ 50/50] Yale Bulldogs
[2025-11-24 02:35:53,898] INFO: Week 16 Complete: 50/50 teams loaded
[2025-11-24 02:35:53,898] INFO: Verifying load...
[2025-11-24 02:35:53,898] INFO: Verifying loaded data...
[2025-11-24 02:35:53,900] INFO: [OK] Total records loaded: 800
[2025-11-24 02:35:53,900] INFO: Records by week:
[2025-11-24 02:35:53,901] INFO:   Week 1: 50 teams
[2025-11-24 02:35:53,901] INFO:   Week 2: 50 teams
[2025-11-24 02:35:53,901] INFO:   Week 3: 50 teams
[2025-11-24 02:35:53,901] INFO:   Week 4: 50 teams
[2025-11-24 02:35:53,901] INFO:   Week 5: 50 teams
[2025-11-24 02:35:53,901] INFO:   Week 6: 50 teams
[2025-11-24 02:35:53,901] INFO:   Week 7: 50 teams
[2025-11-24 02:35:53,901] INFO:   Week 8: 50 teams
[2025-11-24 02:35:53,901] INFO:   Week 9: 50 teams
[2025-11-24 02:35:53,901] INFO:   Week 10: 50 teams
[2025-11-24 02:35:53,901] INFO:   Week 11: 50 teams
[2025-11-24 02:35:53,901] INFO:   Week 12: 50 teams
[2025-11-24 02:35:53,901] INFO:   Week 13: 50 teams
[2025-11-24 02:35:53,901] INFO:   Week 14: 50 teams
[2025-11-24 02:35:53,901] INFO:   Week 15: 50 teams
[2025-11-24 02:35:53,901] INFO:   Week 16: 50 teams
[2025-11-24 02:35:53,901] WARNING: [WARNING] Boston College (ID 103) not found
[2025-11-24 02:35:53,901] INFO: 2025 NCAAF historical season load complete!
[2025-11-24 02:35:53,901] INFO: Total: 800 records, 0 errors
[2025-11-24 02:35:53,901] INFO: [OK] Disconnected from PostgreSQL
