2025-11-07 05:16:13,781 - httpx - INFO - HTTP Request: GET https://api.the-odds-api.com/v4/sports/americanfootball_nfl/odds?apiKey=000d71e20a281aa18575f66fb3d6a20d&regions=us&markets=spreads%2Ctotals%2Ch2h&oddsFormat=american "HTTP/1.1 200 OK"
2025-11-07 05:16:44,081 - httpx - INFO - HTTP Request: GET https://api.the-odds-api.com/v4/sports/americanfootball_nfl/odds?apiKey=000d71e20a281aa18575f66fb3d6a20d&regions=us&markets=spreads%2Ctotals%2Ch2h&oddsFormat=american "HTTP/1.1 200 OK"
2025-11-07 05:17:14,379 - httpx - INFO - HTTP Request: GET https://api.the-odds-api.com/v4/sports/americanfootball_nfl/odds?apiKey=000d71e20a281aa18575f66fb3d6a20d&regions=us&markets=spreads%2Ctotals%2Ch2h&oddsFormat=american "HTTP/1.1 200 OK"
2025-11-07 05:17:44,699 - httpx - INFO - HTTP Request: GET https://api.the-odds-api.com/v4/sports/americanfootball_nfl/odds?apiKey=000d71e20a281aa18575f66fb3d6a20d&regions=us&markets=spreads%2Ctotals%2Ch2h&oddsFormat=american "HTTP/1.1 200 OK"
2025-11-07 05:18:15,006 - httpx - INFO - HTTP Request: GET https://api.the-odds-api.com/v4/sports/americanfootball_nfl/odds?apiKey=000d71e20a281aa18575f66fb3d6a20d&regions=us&markets=spreads%2Ctotals%2Ch2h&oddsFormat=american "HTTP/1.1 200 OK"
2025-11-07 05:18:45,301 - httpx - INFO - HTTP Request: GET https://api.the-odds-api.com/v4/sports/americanfootball_nfl/odds?apiKey=000d71e20a281aa18575f66fb3d6a20d&regions=us&markets=spreads%2Ctotals%2Ch2h&oddsFormat=american "HTTP/1.1 200 OK"
2025-11-07 05:19:15,572 - httpx - INFO - HTTP Request: GET https://api.the-odds-api.com/v4/sports/americanfootball_nfl/odds?apiKey=000d71e20a281aa18575f66fb3d6a20d&regions=us&markets=spreads%2Ctotals%2Ch2h&oddsFormat=american "HTTP/1.1 200 OK"
2025-11-07 05:19:45,861 - httpx - INFO - HTTP Request: GET https://api.the-odds-api.com/v4/sports/americanfootball_nfl/odds?apiKey=000d71e20a281aa18575f66fb3d6a20d&regions=us&markets=spreads%2Ctotals%2Ch2h&oddsFormat=american "HTTP/1.1 200 OK"
2025-11-07 05:20:16,144 - httpx - INFO - HTTP Request: GET https://api.the-odds-api.com/v4/sports/americanfootball_nfl/odds?apiKey=000d71e20a281aa18575f66fb3d6a20d&regions=us&markets=spreads%2Ctotals%2Ch2h&oddsFormat=american "HTTP/1.1 200 OK"
2025-11-07 05:20:46,426 - httpx - INFO - HTTP Request: GET https://api.the-odds-api.com/v4/sports/americanfootball_nfl/odds?apiKey=000d71e20a281aa18575f66fb3d6a20d&regions=us&markets=spreads%2Ctotals%2Ch2h&oddsFormat=american "HTTP/1.1 200 OK"
2025-11-07 05:21:16,729 - httpx - INFO - HTTP Request: GET https://api.the-odds-api.com/v4/sports/americanfootball_nfl/odds?apiKey=000d71e20a281aa18575f66fb3d6a20d&regions=us&markets=spreads%2Ctotals%2Ch2h&oddsFormat=american "HTTP/1.1 200 OK"
2025-11-07 05:21:47,019 - httpx - INFO - HTTP Request: GET https://api.the-odds-api.com/v4/sports/americanfootball_nfl/odds?apiKey=000d71e20a281aa18575f66fb3d6a20d&regions=us&markets=spreads%2Ctotals%2Ch2h&oddsFormat=american "HTTP/1.1 200 OK"
2025-11-07 05:22:17,305 - httpx - INFO - HTTP Request: GET https://api.the-odds-api.com/v4/sports/americanfootball_nfl/odds?apiKey=000d71e20a281aa18575f66fb3d6a20d&regions=us&markets=spreads%2Ctotals%2Ch2h&oddsFormat=american "HTTP/1.1 200 OK"
2025-11-07 05:22:47,584 - httpx - INFO - HTTP Request: GET https://api.the-odds-api.com/v4/sports/americanfootball_nfl/odds?apiKey=000d71e20a281aa18575f66fb3d6a20d&regions=us&markets=spreads%2Ctotals%2Ch2h&oddsFormat=american "HTTP/1.1 200 OK"
2025-11-07 05:23:17,857 - httpx - INFO - HTTP Request: GET https://api.the-odds-api.com/v4/sports/americanfootball_nfl/odds?apiKey=000d71e20a281aa18575f66fb3d6a20d&regions=us&markets=spreads%2Ctotals%2Ch2h&oddsFormat=american "HTTP/1.1 200 OK"
2025-11-07 05:23:21,780 - httpx - INFO - HTTP Request: GET https://api.the-odds-api.com/v4/sports/americanfootball_nfl/odds?apiKey=000d71e20a281aa18575f66fb3d6a20d&regions=us&markets=spreads%2Ctotals%2Ch2h&oddsFormat=american "HTTP/1.1 200 OK"
2025-11-07 05:23:48,157 - httpx - INFO - HTTP Request: GET https://api.the-odds-api.com/v4/sports/americanfootball_nfl/odds?apiKey=000d71e20a281aa18575f66fb3d6a20d&regions=us&markets=spreads%2Ctotals%2Ch2h&oddsFormat=american "HTTP/1.1 200 OK"
2025-11-07 05:24:18,466 - httpx - INFO - HTTP Request: GET https://api.the-odds-api.com/v4/sports/americanfootball_nfl/odds?apiKey=000d71e20a281aa18575f66fb3d6a20d&regions=us&markets=spreads%2Ctotals%2Ch2h&oddsFormat=american "HTTP/1.1 200 OK"
2025-11-07 05:24:48,755 - httpx - INFO - HTTP Request: GET https://api.the-odds-api.com/v4/sports/americanfootball_nfl/odds?apiKey=000d71e20a281aa18575f66fb3d6a20d&regions=us&markets=spreads%2Ctotals%2Ch2h&oddsFormat=american "HTTP/1.1 200 OK"
2025-11-07 05:25:19,069 - httpx - INFO - HTTP Request: GET https://api.the-odds-api.com/v4/sports/americanfootball_nfl/odds?apiKey=000d71e20a281aa18575f66fb3d6a20d&regions=us&markets=spreads%2Ctotals%2Ch2h&oddsFormat=american "HTTP/1.1 200 OK"
2025-11-07 05:25:49,364 - httpx - INFO - HTTP Request: GET https://api.the-odds-api.com/v4/sports/americanfootball_nfl/odds?apiKey=000d71e20a281aa18575f66fb3d6a20d&regions=us&markets=spreads%2Ctotals%2Ch2h&oddsFormat=american "HTTP/1.1 200 OK"
2025-11-07 05:26:19,636 - httpx - INFO - HTTP Request: GET https://api.the-odds-api.com/v4/sports/americanfootball_nfl/odds?apiKey=000d71e20a281aa18575f66fb3d6a20d&regions=us&markets=spreads%2Ctotals%2Ch2h&oddsFormat=american "HTTP/1.1 200 OK"
2025-11-07 05:26:49,926 - httpx - INFO - HTTP Request: GET https://api.the-odds-api.com/v4/sports/americanfootball_nfl/odds?apiKey=000d71e20a281aa18575f66fb3d6a20d&regions=us&markets=spreads%2Ctotals%2Ch2h&oddsFormat=american "HTTP/1.1 200 OK"
2025-11-07 05:27:20,238 - httpx - INFO - HTTP Request: GET https://api.the-odds-api.com/v4/sports/americanfootball_nfl/odds?apiKey=000d71e20a281aa18575f66fb3d6a20d&regions=us&markets=spreads%2Ctotals%2Ch2h&oddsFormat=american "HTTP/1.1 200 OK"
2025-11-07 05:27:50,514 - httpx - INFO - HTTP Request: GET https://api.the-odds-api.com/v4/sports/americanfootball_nfl/odds?apiKey=000d71e20a281aa18575f66fb3d6a20d&regions=us&markets=spreads%2Ctotals%2Ch2h&oddsFormat=american "HTTP/1.1 200 OK"
2025-11-07 05:28:20,799 - httpx - INFO - HTTP Request: GET https://api.the-odds-api.com/v4/sports/americanfootball_nfl/odds?apiKey=000d71e20a281aa18575f66fb3d6a20d&regions=us&markets=spreads%2Ctotals%2Ch2h&oddsFormat=american "HTTP/1.1 200 OK"
2025-11-07 05:28:51,085 - httpx - INFO - HTTP Request: GET https://api.the-odds-api.com/v4/sports/americanfootball_nfl/odds?apiKey=000d71e20a281aa18575f66fb3d6a20d&regions=us&markets=spreads%2Ctotals%2Ch2h&oddsFormat=american "HTTP/1.1 200 OK"
2025-11-07 05:29:21,363 - httpx - INFO - HTTP Request: GET https://api.the-odds-api.com/v4/sports/americanfootball_nfl/odds?apiKey=000d71e20a281aa18575f66fb3d6a20d&regions=us&markets=spreads%2Ctotals%2Ch2h&oddsFormat=american "HTTP/1.1 200 OK"
2025-11-07 05:29:51,648 - httpx - INFO - HTTP Request: GET https://api.the-odds-api.com/v4/sports/americanfootball_nfl/odds?apiKey=000d71e20a281aa18575f66fb3d6a20d&regions=us&markets=spreads%2Ctotals%2Ch2h&oddsFormat=american "HTTP/1.1 200 OK"
2025-11-07 05:30:21,934 - httpx - INFO - HTTP Request: GET https://api.the-odds-api.com/v4/sports/americanfootball_nfl/odds?apiKey=000d71e20a281aa18575f66fb3d6a20d&regions=us&markets=spreads%2Ctotals%2Ch2h&oddsFormat=american "HTTP/1.1 200 OK"
2025-11-07 05:30:52,220 - httpx - INFO - HTTP Request: GET https://api.the-odds-api.com/v4/sports/americanfootball_nfl/odds?apiKey=000d71e20a281aa18575f66fb3d6a20d&regions=us&markets=spreads%2Ctotals%2Ch2h&oddsFormat=american "HTTP/1.1 200 OK"
2025-11-07 05:31:22,873 - httpx - INFO - HTTP Request: GET https://api.the-odds-api.com/v4/sports/americanfootball_nfl/odds?apiKey=000d71e20a281aa18575f66fb3d6a20d&regions=us&markets=spreads%2Ctotals%2Ch2h&oddsFormat=american "HTTP/1.1 200 OK"
2025-11-07 05:31:53,153 - httpx - INFO - HTTP Request: GET https://api.the-odds-api.com/v4/sports/americanfootball_nfl/odds?apiKey=000d71e20a281aa18575f66fb3d6a20d&regions=us&markets=spreads%2Ctotals%2Ch2h&oddsFormat=american "HTTP/1.1 200 OK"
2025-11-07 05:32:23,469 - httpx - INFO - HTTP Request: GET https://api.the-odds-api.com/v4/sports/americanfootball_nfl/odds?apiKey=000d71e20a281aa18575f66fb3d6a20d&regions=us&markets=spreads%2Ctotals%2Ch2h&oddsFormat=american "HTTP/1.1 200 OK"
2025-11-07 05:32:53,807 - httpx - INFO - HTTP Request: GET https://api.the-odds-api.com/v4/sports/americanfootball_nfl/odds?apiKey=000d71e20a281aa18575f66fb3d6a20d&regions=us&markets=spreads%2Ctotals%2Ch2h&oddsFormat=american "HTTP/1.1 200 OK"
2025-11-07 05:33:24,088 - httpx - INFO - HTTP Request: GET https://api.the-odds-api.com/v4/sports/americanfootball_nfl/odds?apiKey=000d71e20a281aa18575f66fb3d6a20d&regions=us&markets=spreads%2Ctotals%2Ch2h&oddsFormat=american "HTTP/1.1 200 OK"
2025-11-07 05:33:54,372 - httpx - INFO - HTTP Request: GET https://api.the-odds-api.com/v4/sports/americanfootball_nfl/odds?apiKey=000d71e20a281aa18575f66fb3d6a20d&regions=us&markets=spreads%2Ctotals%2Ch2h&oddsFormat=american "HTTP/1.1 200 OK"
2025-11-07 05:34:24,664 - httpx - INFO - HTTP Request: GET https://api.the-odds-api.com/v4/sports/americanfootball_nfl/odds?apiKey=000d71e20a281aa18575f66fb3d6a20d&regions=us&markets=spreads%2Ctotals%2Ch2h&oddsFormat=american "HTTP/1.1 200 OK"
2025-11-07 05:34:54,950 - httpx - INFO - HTTP Request: GET https://api.the-odds-api.com/v4/sports/americanfootball_nfl/odds?apiKey=000d71e20a281aa18575f66fb3d6a20d&regions=us&markets=spreads%2Ctotals%2Ch2h&oddsFormat=american "HTTP/1.1 200 OK"
2025-11-07 05:35:25,240 - httpx - INFO - HTTP Request: GET https://api.the-odds-api.com/v4/sports/americanfootball_nfl/odds?apiKey=000d71e20a281aa18575f66fb3d6a20d&regions=us&markets=spreads%2Ctotals%2Ch2h&oddsFormat=american "HTTP/1.1 200 OK"
2025-11-07 05:35:55,532 - httpx - INFO - HTTP Request: GET https://api.the-odds-api.com/v4/sports/americanfootball_nfl/odds?apiKey=000d71e20a281aa18575f66fb3d6a20d&regions=us&markets=spreads%2Ctotals%2Ch2h&oddsFormat=american "HTTP/1.1 200 OK"
2025-11-07 05:36:25,799 - httpx - INFO - HTTP Request: GET https://api.the-odds-api.com/v4/sports/americanfootball_nfl/odds?apiKey=000d71e20a281aa18575f66fb3d6a20d&regions=us&markets=spreads%2Ctotals%2Ch2h&oddsFormat=american "HTTP/1.1 200 OK"
2025-11-07 05:36:56,070 - httpx - INFO - HTTP Request: GET https://api.the-odds-api.com/v4/sports/americanfootball_nfl/odds?apiKey=000d71e20a281aa18575f66fb3d6a20d&regions=us&markets=spreads%2Ctotals%2Ch2h&oddsFormat=american "HTTP/1.1 200 OK"
2025-11-07 05:37:26,443 - httpx - INFO - HTTP Request: GET https://api.the-odds-api.com/v4/sports/americanfootball_nfl/odds?apiKey=000d71e20a281aa18575f66fb3d6a20d&regions=us&markets=spreads%2Ctotals%2Ch2h&oddsFormat=american "HTTP/1.1 200 OK"
2025-11-07 05:37:56,731 - httpx - INFO - HTTP Request: GET https://api.the-odds-api.com/v4/sports/americanfootball_nfl/odds?apiKey=000d71e20a281aa18575f66fb3d6a20d&regions=us&markets=spreads%2Ctotals%2Ch2h&oddsFormat=american "HTTP/1.1 200 OK"
2025-11-07 05:38:27,000 - httpx - INFO - HTTP Request: GET https://api.the-odds-api.com/v4/sports/americanfootball_nfl/odds?apiKey=000d71e20a281aa18575f66fb3d6a20d&regions=us&markets=spreads%2Ctotals%2Ch2h&oddsFormat=american "HTTP/1.1 200 OK"
2025-11-07 05:38:57,281 - httpx - INFO - HTTP Request: GET https://api.the-odds-api.com/v4/sports/americanfootball_nfl/odds?apiKey=000d71e20a281aa18575f66fb3d6a20d&regions=us&markets=spreads%2Ctotals%2Ch2h&oddsFormat=american "HTTP/1.1 200 OK"
2025-11-07 05:39:27,567 - httpx - INFO - HTTP Request: GET https://api.the-odds-api.com/v4/sports/americanfootball_nfl/odds?apiKey=000d71e20a281aa18575f66fb3d6a20d&regions=us&markets=spreads%2Ctotals%2Ch2h&oddsFormat=american "HTTP/1.1 200 OK"
2025-11-07 05:39:57,862 - httpx - INFO - HTTP Request: GET https://api.the-odds-api.com/v4/sports/americanfootball_nfl/odds?apiKey=000d71e20a281aa18575f66fb3d6a20d&regions=us&markets=spreads%2Ctotals%2Ch2h&oddsFormat=american "HTTP/1.1 200 OK"
2025-11-07 05:40:28,136 - httpx - INFO - HTTP Request: GET https://api.the-odds-api.com/v4/sports/americanfootball_nfl/odds?apiKey=000d71e20a281aa18575f66fb3d6a20d&regions=us&markets=spreads%2Ctotals%2Ch2h&oddsFormat=american "HTTP/1.1 200 OK"
2025-11-07 05:40:58,443 - httpx - INFO - HTTP Request: GET https://api.the-odds-api.com/v4/sports/americanfootball_nfl/odds?apiKey=000d71e20a281aa18575f66fb3d6a20d&regions=us&markets=spreads%2Ctotals%2Ch2h&oddsFormat=american "HTTP/1.1 200 OK"
2025-11-07 05:41:28,719 - httpx - INFO - HTTP Request: GET https://api.the-odds-api.com/v4/sports/americanfootball_nfl/odds?apiKey=000d71e20a281aa18575f66fb3d6a20d&regions=us&markets=spreads%2Ctotals%2Ch2h&oddsFormat=american "HTTP/1.1 200 OK"
2025-11-07 05:41:59,005 - httpx - INFO - HTTP Request: GET https://api.the-odds-api.com/v4/sports/americanfootball_nfl/odds?apiKey=000d71e20a281aa18575f66fb3d6a20d&regions=us&markets=spreads%2Ctotals%2Ch2h&oddsFormat=american "HTTP/1.1 200 OK"
2025-11-07 05:42:29,312 - httpx - INFO - HTTP Request: GET https://api.the-odds-api.com/v4/sports/americanfootball_nfl/odds?apiKey=000d71e20a281aa18575f66fb3d6a20d&regions=us&markets=spreads%2Ctotals%2Ch2h&oddsFormat=american "HTTP/1.1 200 OK"
2025-11-07 05:42:59,611 - httpx - INFO - HTTP Request: GET https://api.the-odds-api.com/v4/sports/americanfootball_nfl/odds?apiKey=000d71e20a281aa18575f66fb3d6a20d&regions=us&markets=spreads%2Ctotals%2Ch2h&oddsFormat=american "HTTP/1.1 200 OK"
2025-11-07 05:43:29,889 - httpx - INFO - HTTP Request: GET https://api.the-odds-api.com/v4/sports/americanfootball_nfl/odds?apiKey=000d71e20a281aa18575f66fb3d6a20d&regions=us&markets=spreads%2Ctotals%2Ch2h&oddsFormat=american "HTTP/1.1 200 OK"
2025-11-07 05:44:00,195 - httpx - INFO - HTTP Request: GET https://api.the-odds-api.com/v4/sports/americanfootball_nfl/odds?apiKey=000d71e20a281aa18575f66fb3d6a20d&regions=us&markets=spreads%2Ctotals%2Ch2h&oddsFormat=american "HTTP/1.1 200 OK"
2025-11-07 05:44:30,477 - httpx - INFO - HTTP Request: GET https://api.the-odds-api.com/v4/sports/americanfootball_nfl/odds?apiKey=000d71e20a281aa18575f66fb3d6a20d&regions=us&markets=spreads%2Ctotals%2Ch2h&oddsFormat=american "HTTP/1.1 200 OK"
2025-11-07 05:45:00,794 - httpx - INFO - HTTP Request: GET https://api.the-odds-api.com/v4/sports/americanfootball_nfl/odds?apiKey=000d71e20a281aa18575f66fb3d6a20d&regions=us&markets=spreads%2Ctotals%2Ch2h&oddsFormat=american "HTTP/1.1 200 OK"
2025-11-07 05:45:31,090 - httpx - INFO - HTTP Request: GET https://api.the-odds-api.com/v4/sports/americanfootball_nfl/odds?apiKey=000d71e20a281aa18575f66fb3d6a20d&regions=us&markets=spreads%2Ctotals%2Ch2h&oddsFormat=american "HTTP/1.1 200 OK"
2025-11-07 05:46:01,415 - httpx - INFO - HTTP Request: GET https://api.the-odds-api.com/v4/sports/americanfootball_nfl/odds?apiKey=000d71e20a281aa18575f66fb3d6a20d&regions=us&markets=spreads%2Ctotals%2Ch2h&oddsFormat=american "HTTP/1.1 200 OK"
2025-11-07 05:46:31,752 - httpx - INFO - HTTP Request: GET https://api.the-odds-api.com/v4/sports/americanfootball_nfl/odds?apiKey=000d71e20a281aa18575f66fb3d6a20d&regions=us&markets=spreads%2Ctotals%2Ch2h&oddsFormat=american "HTTP/1.1 200 OK"
2025-11-07 05:47:02,007 - httpx - INFO - HTTP Request: GET https://api.the-odds-api.com/v4/sports/americanfootball_nfl/odds?apiKey=000d71e20a281aa18575f66fb3d6a20d&regions=us&markets=spreads%2Ctotals%2Ch2h&oddsFormat=american "HTTP/1.1 200 OK"
2025-11-07 05:47:32,294 - httpx - INFO - HTTP Request: GET https://api.the-odds-api.com/v4/sports/americanfootball_nfl/odds?apiKey=000d71e20a281aa18575f66fb3d6a20d&regions=us&markets=spreads%2Ctotals%2Ch2h&oddsFormat=american "HTTP/1.1 200 OK"
2025-11-07 05:48:02,618 - httpx - INFO - HTTP Request: GET https://api.the-odds-api.com/v4/sports/americanfootball_nfl/odds?apiKey=000d71e20a281aa18575f66fb3d6a20d&regions=us&markets=spreads%2Ctotals%2Ch2h&oddsFormat=american "HTTP/1.1 200 OK"
2025-11-07 05:48:32,890 - httpx - INFO - HTTP Request: GET https://api.the-odds-api.com/v4/sports/americanfootball_nfl/odds?apiKey=000d71e20a281aa18575f66fb3d6a20d&regions=us&markets=spreads%2Ctotals%2Ch2h&oddsFormat=american "HTTP/1.1 200 OK"
2025-11-07 05:49:03,160 - httpx - INFO - HTTP Request: GET https://api.the-odds-api.com/v4/sports/americanfootball_nfl/odds?apiKey=000d71e20a281aa18575f66fb3d6a20d&regions=us&markets=spreads%2Ctotals%2Ch2h&oddsFormat=american "HTTP/1.1 200 OK"
2025-11-07 05:49:33,447 - httpx - INFO - HTTP Request: GET https://api.the-odds-api.com/v4/sports/americanfootball_nfl/odds?apiKey=000d71e20a281aa18575f66fb3d6a20d&regions=us&markets=spreads%2Ctotals%2Ch2h&oddsFormat=american "HTTP/1.1 200 OK"
2025-11-07 05:50:03,729 - httpx - INFO - HTTP Request: GET https://api.the-odds-api.com/v4/sports/americanfootball_nfl/odds?apiKey=000d71e20a281aa18575f66fb3d6a20d&regions=us&markets=spreads%2Ctotals%2Ch2h&oddsFormat=american "HTTP/1.1 200 OK"
2025-11-07 05:50:34,013 - httpx - INFO - HTTP Request: GET https://api.the-odds-api.com/v4/sports/americanfootball_nfl/odds?apiKey=000d71e20a281aa18575f66fb3d6a20d&regions=us&markets=spreads%2Ctotals%2Ch2h&oddsFormat=american "HTTP/1.1 200 OK"
2025-11-07 05:51:04,326 - httpx - INFO - HTTP Request: GET https://api.the-odds-api.com/v4/sports/americanfootball_nfl/odds?apiKey=000d71e20a281aa18575f66fb3d6a20d&regions=us&markets=spreads%2Ctotals%2Ch2h&oddsFormat=american "HTTP/1.1 200 OK"
2025-11-07 05:51:34,605 - httpx - INFO - HTTP Request: GET https://api.the-odds-api.com/v4/sports/americanfootball_nfl/odds?apiKey=000d71e20a281aa18575f66fb3d6a20d&regions=us&markets=spreads%2Ctotals%2Ch2h&oddsFormat=american "HTTP/1.1 200 OK"
2025-11-07 05:52:04,884 - httpx - INFO - HTTP Request: GET https://api.the-odds-api.com/v4/sports/americanfootball_nfl/odds?apiKey=000d71e20a281aa18575f66fb3d6a20d&regions=us&markets=spreads%2Ctotals%2Ch2h&oddsFormat=american "HTTP/1.1 200 OK"
2025-11-07 05:52:35,204 - httpx - INFO - HTTP Request: GET https://api.the-odds-api.com/v4/sports/americanfootball_nfl/odds?apiKey=000d71e20a281aa18575f66fb3d6a20d&regions=us&markets=spreads%2Ctotals%2Ch2h&oddsFormat=american "HTTP/1.1 200 OK"
2025-11-07 05:53:05,492 - httpx - INFO - HTTP Request: GET https://api.the-odds-api.com/v4/sports/americanfootball_nfl/odds?apiKey=000d71e20a281aa18575f66fb3d6a20d&regions=us&markets=spreads%2Ctotals%2Ch2h&oddsFormat=american "HTTP/1.1 200 OK"
2025-11-07 05:53:35,792 - httpx - INFO - HTTP Request: GET https://api.the-odds-api.com/v4/sports/americanfootball_nfl/odds?apiKey=000d71e20a281aa18575f66fb3d6a20d&regions=us&markets=spreads%2Ctotals%2Ch2h&oddsFormat=american "HTTP/1.1 200 OK"
2025-11-07 05:54:06,088 - httpx - INFO - HTTP Request: GET https://api.the-odds-api.com/v4/sports/americanfootball_nfl/odds?apiKey=000d71e20a281aa18575f66fb3d6a20d&regions=us&markets=spreads%2Ctotals%2Ch2h&oddsFormat=american "HTTP/1.1 200 OK"
2025-11-07 05:54:36,361 - httpx - INFO - HTTP Request: GET https://api.the-odds-api.com/v4/sports/americanfootball_nfl/odds?apiKey=000d71e20a281aa18575f66fb3d6a20d&regions=us&markets=spreads%2Ctotals%2Ch2h&oddsFormat=american "HTTP/1.1 200 OK"
2025-11-07 05:55:06,643 - httpx - INFO - HTTP Request: GET https://api.the-odds-api.com/v4/sports/americanfootball_nfl/odds?apiKey=000d71e20a281aa18575f66fb3d6a20d&regions=us&markets=spreads%2Ctotals%2Ch2h&oddsFormat=american "HTTP/1.1 200 OK"
2025-11-07 05:55:36,940 - httpx - INFO - HTTP Request: GET https://api.the-odds-api.com/v4/sports/americanfootball_nfl/odds?apiKey=000d71e20a281aa18575f66fb3d6a20d&regions=us&markets=spreads%2Ctotals%2Ch2h&oddsFormat=american "HTTP/1.1 200 OK"
2025-11-07 05:56:07,233 - httpx - INFO - HTTP Request: GET https://api.the-odds-api.com/v4/sports/americanfootball_nfl/odds?apiKey=000d71e20a281aa18575f66fb3d6a20d&regions=us&markets=spreads%2Ctotals%2Ch2h&oddsFormat=american "HTTP/1.1 200 OK"
2025-11-07 05:56:37,508 - httpx - INFO - HTTP Request: GET https://api.the-odds-api.com/v4/sports/americanfootball_nfl/odds?apiKey=000d71e20a281aa18575f66fb3d6a20d&regions=us&markets=spreads%2Ctotals%2Ch2h&oddsFormat=american "HTTP/1.1 200 OK"
2025-11-07 05:57:07,851 - httpx - INFO - HTTP Request: GET https://api.the-odds-api.com/v4/sports/americanfootball_nfl/odds?apiKey=000d71e20a281aa18575f66fb3d6a20d&regions=us&markets=spreads%2Ctotals%2Ch2h&oddsFormat=american "HTTP/1.1 200 OK"
2025-11-07 05:57:38,152 - httpx - INFO - HTTP Request: GET https://api.the-odds-api.com/v4/sports/americanfootball_nfl/odds?apiKey=000d71e20a281aa18575f66fb3d6a20d&regions=us&markets=spreads%2Ctotals%2Ch2h&oddsFormat=american "HTTP/1.1 200 OK"
2025-11-07 05:58:08,439 - httpx - INFO - HTTP Request: GET https://api.the-odds-api.com/v4/sports/americanfootball_nfl/odds?apiKey=000d71e20a281aa18575f66fb3d6a20d&regions=us&markets=spreads%2Ctotals%2Ch2h&oddsFormat=american "HTTP/1.1 200 OK"
2025-11-07 05:58:38,704 - httpx - INFO - HTTP Request: GET https://api.the-odds-api.com/v4/sports/americanfootball_nfl/odds?apiKey=000d71e20a281aa18575f66fb3d6a20d&regions=us&markets=spreads%2Ctotals%2Ch2h&oddsFormat=american "HTTP/1.1 200 OK"
2025-11-07 05:59:08,990 - httpx - INFO - HTTP Request: GET https://api.the-odds-api.com/v4/sports/americanfootball_nfl/odds?apiKey=000d71e20a281aa18575f66fb3d6a20d&regions=us&markets=spreads%2Ctotals%2Ch2h&oddsFormat=american "HTTP/1.1 200 OK"
2025-11-07 05:59:39,316 - httpx - INFO - HTTP Request: GET https://api.the-odds-api.com/v4/sports/americanfootball_nfl/odds?apiKey=000d71e20a281aa18575f66fb3d6a20d&regions=us&markets=spreads%2Ctotals%2Ch2h&oddsFormat=american "HTTP/1.1 200 OK"
2025-11-07 06:00:10,241 - httpx - INFO - HTTP Request: GET https://api.the-odds-api.com/v4/sports/americanfootball_nfl/odds?apiKey=000d71e20a281aa18575f66fb3d6a20d&regions=us&markets=spreads%2Ctotals%2Ch2h&oddsFormat=american "HTTP/1.1 200 OK"
2025-11-07 06:00:40,532 - httpx - INFO - HTTP Request: GET https://api.the-odds-api.com/v4/sports/americanfootball_nfl/odds?apiKey=000d71e20a281aa18575f66fb3d6a20d&regions=us&markets=spreads%2Ctotals%2Ch2h&oddsFormat=american "HTTP/1.1 200 OK"
2025-11-07 06:01:10,814 - httpx - INFO - HTTP Request: GET https://api.the-odds-api.com/v4/sports/americanfootball_nfl/odds?apiKey=000d71e20a281aa18575f66fb3d6a20d&regions=us&markets=spreads%2Ctotals%2Ch2h&oddsFormat=american "HTTP/1.1 200 OK"
2025-11-07 06:01:41,124 - httpx - INFO - HTTP Request: GET https://api.the-odds-api.com/v4/sports/americanfootball_nfl/odds?apiKey=000d71e20a281aa18575f66fb3d6a20d&regions=us&markets=spreads%2Ctotals%2Ch2h&oddsFormat=american "HTTP/1.1 200 OK"
2025-11-07 06:02:11,399 - httpx - INFO - HTTP Request: GET https://api.the-odds-api.com/v4/sports/americanfootball_nfl/odds?apiKey=000d71e20a281aa18575f66fb3d6a20d&regions=us&markets=spreads%2Ctotals%2Ch2h&oddsFormat=american "HTTP/1.1 200 OK"
2025-11-07 06:02:41,680 - httpx - INFO - HTTP Request: GET https://api.the-odds-api.com/v4/sports/americanfootball_nfl/odds?apiKey=000d71e20a281aa18575f66fb3d6a20d&regions=us&markets=spreads%2Ctotals%2Ch2h&oddsFormat=american "HTTP/1.1 200 OK"
2025-11-07 06:03:11,964 - httpx - INFO - HTTP Request: GET https://api.the-odds-api.com/v4/sports/americanfootball_nfl/odds?apiKey=000d71e20a281aa18575f66fb3d6a20d&regions=us&markets=spreads%2Ctotals%2Ch2h&oddsFormat=american "HTTP/1.1 200 OK"
2025-11-07 06:03:42,240 - httpx - INFO - HTTP Request: GET https://api.the-odds-api.com/v4/sports/americanfootball_nfl/odds?apiKey=000d71e20a281aa18575f66fb3d6a20d&regions=us&markets=spreads%2Ctotals%2Ch2h&oddsFormat=american "HTTP/1.1 200 OK"
2025-11-07 06:04:12,535 - httpx - INFO - HTTP Request: GET https://api.the-odds-api.com/v4/sports/americanfootball_nfl/odds?apiKey=000d71e20a281aa18575f66fb3d6a20d&regions=us&markets=spreads%2Ctotals%2Ch2h&oddsFormat=american "HTTP/1.1 200 OK"
2025-11-07 06:04:42,819 - httpx - INFO - HTTP Request: GET https://api.the-odds-api.com/v4/sports/americanfootball_nfl/odds?apiKey=000d71e20a281aa18575f66fb3d6a20d&regions=us&markets=spreads%2Ctotals%2Ch2h&oddsFormat=american "HTTP/1.1 200 OK"
2025-11-07 06:05:13,087 - httpx - INFO - HTTP Request: GET https://api.the-odds-api.com/v4/sports/americanfootball_nfl/odds?apiKey=000d71e20a281aa18575f66fb3d6a20d&regions=us&markets=spreads%2Ctotals%2Ch2h&oddsFormat=american "HTTP/1.1 200 OK"
2025-11-07 06:05:43,403 - httpx - INFO - HTTP Request: GET https://api.the-odds-api.com/v4/sports/americanfootball_nfl/odds?apiKey=000d71e20a281aa18575f66fb3d6a20d&regions=us&markets=spreads%2Ctotals%2Ch2h&oddsFormat=american "HTTP/1.1 200 OK"
2025-11-07 06:06:13,703 - httpx - INFO - HTTP Request: GET https://api.the-odds-api.com/v4/sports/americanfootball_nfl/odds?apiKey=000d71e20a281aa18575f66fb3d6a20d&regions=us&markets=spreads%2Ctotals%2Ch2h&oddsFormat=american "HTTP/1.1 200 OK"
2025-11-07 06:06:43,994 - httpx - INFO - HTTP Request: GET https://api.the-odds-api.com/v4/sports/americanfootball_nfl/odds?apiKey=000d71e20a281aa18575f66fb3d6a20d&regions=us&markets=spreads%2Ctotals%2Ch2h&oddsFormat=american "HTTP/1.1 200 OK"
2025-11-07 06:07:14,294 - httpx - INFO - HTTP Request: GET https://api.the-odds-api.com/v4/sports/americanfootball_nfl/odds?apiKey=000d71e20a281aa18575f66fb3d6a20d&regions=us&markets=spreads%2Ctotals%2Ch2h&oddsFormat=american "HTTP/1.1 200 OK"
2025-11-07 06:07:44,585 - httpx - INFO - HTTP Request: GET https://api.the-odds-api.com/v4/sports/americanfootball_nfl/odds?apiKey=000d71e20a281aa18575f66fb3d6a20d&regions=us&markets=spreads%2Ctotals%2Ch2h&oddsFormat=american "HTTP/1.1 200 OK"
2025-11-07 06:08:14,872 - httpx - INFO - HTTP Request: GET https://api.the-odds-api.com/v4/sports/americanfootball_nfl/odds?apiKey=000d71e20a281aa18575f66fb3d6a20d&regions=us&markets=spreads%2Ctotals%2Ch2h&oddsFormat=american "HTTP/1.1 200 OK"
2025-11-08 04:08:32,307 - httpx - INFO - HTTP Request: GET https://american-football.highlightly.net/bookmakers?limit=20&offset=0 "HTTP/1.1 200 OK"
2025-11-08 04:08:32,317 - walters_analyzer.feeds.highlightly_storage - INFO - Saved 20 items to data\highlightly\nfl\bookmakers-20251108-040832.jsonl
2025-11-08 04:08:44,215 - httpx - INFO - HTTP Request: GET https://american-football.highlightly.net/teams?league=NFL "HTTP/1.1 200 OK"
2025-11-08 04:08:44,217 - walters_analyzer.feeds.highlightly_storage - INFO - Saved 34 items to data\highlightly\nfl\teams-20251108-040844.jsonl
2025-11-08 04:14:25,257 - httpx - INFO - HTTP Request: GET https://american-football.highlightly.net/teams?league=NFL "HTTP/1.1 200 OK"
2025-11-08 04:14:25,266 - walters_analyzer.feeds.highlightly_storage - INFO - Saved 34 items to data\highlightly\nfl\teams-20251108-041425.jsonl
2025-11-08 04:14:25,816 - httpx - INFO - HTTP Request: GET https://american-football.highlightly.net/teams?league=NCAA "HTTP/1.1 200 OK"
2025-11-08 04:14:25,831 - walters_analyzer.feeds.highlightly_storage - INFO - Saved 744 items to data\highlightly\ncaaf\teams-20251108-041425.jsonl
2025-11-08 04:14:27,019 - httpx - INFO - HTTP Request: GET https://american-football.highlightly.net/bookmakers?limit=20&offset=0 "HTTP/1.1 200 OK"
2025-11-08 04:14:27,020 - walters_analyzer.feeds.highlightly_storage - INFO - Saved 20 items to data\highlightly\nfl\bookmakers-20251108-041427.jsonl
2025-11-08 04:14:27,555 - httpx - INFO - HTTP Request: GET https://american-football.highlightly.net/bookmakers?limit=20&offset=0 "HTTP/1.1 200 OK"
2025-11-08 04:14:27,556 - walters_analyzer.feeds.highlightly_storage - INFO - Saved 20 items to data\highlightly\ncaaf\bookmakers-20251108-041427.jsonl
2025-11-08 04:14:28,764 - httpx - INFO - HTTP Request: GET https://american-football.highlightly.net/matches?timezone=Etc%2FUTC&limit=100&offset=0&league=NFL&date=2025-11-08 "HTTP/1.1 200 OK"
2025-11-08 04:14:29,282 - httpx - INFO - HTTP Request: GET https://american-football.highlightly.net/matches?timezone=Etc%2FUTC&limit=100&offset=0&league=NCAA&date=2025-11-08 "HTTP/1.1 200 OK"
2025-11-08 04:14:29,298 - walters_analyzer.feeds.highlightly_storage - INFO - Saved 100 items to data\highlightly\ncaaf\matches-2025-11-08-20251108-041429.jsonl
2025-11-08 04:14:36,026 - httpx - INFO - HTTP Request: GET https://american-football.highlightly.net/odds?oddsType=prematch&timezone=Etc%2FUTC&limit=5&offset=0&leagueName=NFL&date=2025-11-08 "HTTP/1.1 401 Unauthorized"
2025-11-08 05:17:42,102 - walters_analyzer.valuation.power_ratings - INFO - Loaded 32 ratings from data\power_ratings_nfl_2025.json (last updated: 2025-11-08T00:00:00)
2025-11-08 05:17:42,103 - walters_analyzer.valuation.power_ratings - WARNING - Cannot calculate spread: missing rating for Kansas City Chiefs
2025-11-08 05:18:43,070 - walters_analyzer.research.profootballdoc_fetcher - INFO - Loaded 15 cached injuries for Philadelphia Eagles
2025-11-08 05:18:43,072 - walters_analyzer.research.profootballdoc_fetcher - INFO - Loaded 20 cached injuries for Dallas Cowboys
2025-11-08 05:18:43,072 - walters_analyzer.research.engine - INFO - Fetched injuries: 15 home, 20 away
2025-11-08 05:18:43,073 - walters_analyzer.valuation.power_ratings - INFO - Loaded 32 ratings from data\power_ratings_nfl_2025.json (last updated: 2025-11-08T00:00:00)
2025-11-08 05:18:43,073 - walters_analyzer.valuation.power_ratings - WARNING - Cannot calculate spread: missing rating for Philadelphia Eagles
2025-11-08 06:00:09,329 - walters_analyzer.valuation.power_ratings - INFO - Loaded 32 ratings from data\power_ratings_nfl_2025.json (last updated: 2025-11-08T00:00:00)
2025-11-08 06:00:09,329 - walters_analyzer.slash_commands - ERROR - Command execution failed: list index out of range
Traceback (most recent call last):
  File "C:\Users\omall\Documents\python_projects\billy-walters-sports-analyzer\walters_analyzer\slash_commands.py", line 80, in execute
    result = await self.commands[cmd](args)
             ^^^^^^^^^^^^^^^^^^^^^^^^^^^^^^
  File "C:\Users\omall\Documents\python_projects\billy-walters-sports-analyzer\walters_analyzer\slash_commands.py", line 439, in cmd_help
    cmd: self.commands[cmd].__doc__.split('\n')[1].strip()
         ~~~~~~~~~~~~~~~~~~~~~~~~~~~~~~~~~~~~~~^^^
IndexError: list index out of range
2025-11-08 06:00:15,991 - walters_analyzer.valuation.power_ratings - INFO - Loaded 32 ratings from data\power_ratings_nfl_2025.json (last updated: 2025-11-08T00:00:00)
2025-11-08 06:00:31,780 - walters_analyzer.valuation.power_ratings - INFO - Loaded 32 ratings from data\power_ratings_nfl_2025.json (last updated: 2025-11-08T00:00:00)
2025-11-08 06:37:03,906 - walters_analyzer.valuation.power_ratings - INFO - Loaded 32 ratings from data\power_ratings_nfl_2025.json (last updated: 2025-11-08T00:00:00)
2025-11-08 06:37:09,247 - walters_analyzer.valuation.power_ratings - INFO - Loaded 32 ratings from data\power_ratings_nfl_2025.json (last updated: 2025-11-08T00:00:00)
2025-11-08 06:37:09,247 - walters_analyzer.valuation.power_ratings - WARNING - Cannot calculate spread: missing rating for Kansas City Chiefs
2025-11-08 06:37:09,883 - walters_analyzer.valuation.power_ratings - INFO - Loaded 32 ratings from data\power_ratings_nfl_2025.json (last updated: 2025-11-08T00:00:00)
2025-11-08 06:37:30,919 - walters_analyzer.valuation.power_ratings - INFO - Loaded 32 ratings from data\power_ratings_nfl_2025.json (last updated: 2025-11-08T00:00:00)
2025-11-08 06:37:31,338 - walters_analyzer.valuation.power_ratings - INFO - Loaded 32 ratings from data\power_ratings_nfl_2025.json (last updated: 2025-11-08T00:00:00)
2025-11-08 06:37:31,338 - walters_analyzer.valuation.power_ratings - WARNING - Cannot calculate spread: missing rating for Kansas City Chiefs
2025-11-08 06:37:31,973 - walters_analyzer.valuation.power_ratings - INFO - Loaded 32 ratings from data\power_ratings_nfl_2025.json (last updated: 2025-11-08T00:00:00)
2025-11-08 06:42:46,556 - walters_analyzer.valuation.power_ratings - INFO - Loaded 32 ratings from data\power_ratings_nfl_2025.json (last updated: 2025-11-08T00:00:00)
2025-11-08 06:42:51,979 - walters_analyzer.valuation.power_ratings - INFO - Loaded 32 ratings from data\power_ratings_nfl_2025.json (last updated: 2025-11-08T00:00:00)
2025-11-08 06:42:51,980 - walters_analyzer.valuation.power_ratings - WARNING - Cannot calculate spread: missing rating for Kansas City Chiefs
2025-11-08 06:42:52,628 - walters_analyzer.valuation.power_ratings - INFO - Loaded 32 ratings from data\power_ratings_nfl_2025.json (last updated: 2025-11-08T00:00:00)
2025-11-08 06:46:34,511 - walters_analyzer.valuation.power_ratings - INFO - Loaded 32 ratings from data\power_ratings_nfl_2025.json (last updated: 2025-11-08T00:00:00)
2025-11-08 06:55:28,918 - httpx - INFO - HTTP Request: GET https://american-football.highlightly.net/matches?timezone=Etc%2FUTC&limit=100&offset=0&league=NCAA&date=2025-11-08 "HTTP/1.1 523 <none>"
2025-11-08 06:56:00,091 - walters_analyzer.valuation.power_ratings - INFO - Loaded 32 ratings from data\power_ratings_nfl_2025.json (last updated: 2025-11-08T00:00:00)
2025-11-08 06:57:21,654 - httpx - INFO - HTTP Request: GET https://american-football.highlightly.net/matches?timezone=Etc%2FUTC&limit=100&offset=0&league=NCAA&date=2025-11-08 "HTTP/1.1 523 <none>"
2025-11-08 06:57:41,421 - walters_analyzer.valuation.power_ratings - INFO - Loaded 32 ratings from data\power_ratings_nfl_2025.json (last updated: 2025-11-08T00:00:00)
2025-11-08 07:00:04,762 - walters_analyzer.research.engine - INFO - Fetched injuries: 0 home, 0 away
2025-11-08 07:00:04,763 - walters_analyzer.valuation.power_ratings - INFO - Loaded 32 ratings from data\power_ratings_nfl_2025.json (last updated: 2025-11-08T00:00:00)
2025-11-08 07:00:04,763 - walters_analyzer.valuation.power_ratings - WARNING - Cannot calculate spread: missing rating for Georgia
2025-11-08 09:25:43,763 - walters_analyzer.valuation.power_ratings - INFO - Loaded 32 ratings from data\power_ratings_nfl_2025.json (last updated: 2025-11-08T00:00:00)
2025-11-08 09:25:43,763 - walters_analyzer.valuation.power_ratings - WARNING - Cannot calculate spread: missing rating for Alabama
2025-11-08 09:25:51,530 - walters_analyzer.valuation.power_ratings - INFO - Loaded 32 ratings from data\power_ratings_nfl_2025.json (last updated: 2025-11-08T00:00:00)
2025-11-08 09:25:51,531 - walters_analyzer.valuation.power_ratings - WARNING - Cannot calculate spread: missing rating for Clemson
2025-11-08 09:25:57,245 - walters_analyzer.valuation.power_ratings - INFO - Loaded 32 ratings from data\power_ratings_nfl_2025.json (last updated: 2025-11-08T00:00:00)
2025-11-08 09:25:57,245 - walters_analyzer.valuation.power_ratings - WARNING - Cannot calculate spread: missing rating for TCU
2025-11-08 09:26:02,895 - walters_analyzer.valuation.power_ratings - INFO - Loaded 32 ratings from data\power_ratings_nfl_2025.json (last updated: 2025-11-08T00:00:00)
2025-11-08 09:26:02,895 - walters_analyzer.valuation.power_ratings - WARNING - Cannot calculate spread: missing rating for Texas A&M
2025-11-08 09:26:08,621 - walters_analyzer.valuation.power_ratings - INFO - Loaded 32 ratings from data\power_ratings_nfl_2025.json (last updated: 2025-11-08T00:00:00)
2025-11-08 09:26:08,621 - walters_analyzer.valuation.power_ratings - WARNING - Cannot calculate spread: missing rating for Ohio State
2025-11-08 09:26:14,337 - walters_analyzer.valuation.power_ratings - INFO - Loaded 32 ratings from data\power_ratings_nfl_2025.json (last updated: 2025-11-08T00:00:00)
2025-11-08 09:26:14,338 - walters_analyzer.valuation.power_ratings - WARNING - Cannot calculate spread: missing rating for Virginia
